{"/Users/michal/projects/Convious/src/api/const.ts": {"path":"/Users/michal/projects/Convious/src/api/const.ts","statementMap":{"0":{"start":{"line":1,"column":27},"end":{"line":1,"column":54}}},"fnMap":{},"branchMap":{},"s":{"0":5},"f":{},"b":{},"_coverageSchema":"1a1c01bbd47fc00a2c39e90264f33305004495a9","hash":"3fb37f098dc4583ad01cae9805f39746de1ea0b3"}
,"/Users/michal/projects/Convious/src/api/index.ts": {"path":"/Users/michal/projects/Convious/src/api/index.ts","statementMap":{"0":{"start":{"line":10,"column":4},"end":{"line":10,"column":32}},"1":{"start":{"line":11,"column":4},"end":{"line":11,"column":46}},"2":{"start":{"line":13,"column":4},"end":{"line":18,"column":6}},"3":{"start":{"line":14,"column":18},"end":{"line":14,"column":26}},"4":{"start":{"line":16,"column":8},"end":{"line":16,"column":48}},"5":{"start":{"line":22,"column":4},"end":{"line":22,"column":66}},"6":{"start":{"line":27,"column":2},"end":{"line":30,"column":5}}},"fnMap":{"0":{"name":"(anonymous_0)","decl":{"start":{"line":9,"column":2},"end":{"line":9,"column":3}},"loc":{"start":{"line":9,"column":16},"end":{"line":19,"column":3}},"line":9},"1":{"name":"(anonymous_1)","decl":{"start":{"line":14,"column":6},"end":{"line":14,"column":7}},"loc":{"start":{"line":14,"column":18},"end":{"line":14,"column":26}},"line":14},"2":{"name":"(anonymous_2)","decl":{"start":{"line":15,"column":6},"end":{"line":15,"column":7}},"loc":{"start":{"line":15,"column":15},"end":{"line":17,"column":7}},"line":15},"3":{"name":"(anonymous_3)","decl":{"start":{"line":21,"column":2},"end":{"line":21,"column":3}},"loc":{"start":{"line":21,"column":65},"end":{"line":23,"column":3}},"line":21},"4":{"name":"stringifyQuery","decl":{"start":{"line":26,"column":9},"end":{"line":26,"column":23}},"loc":{"start":{"line":26,"column":37},"end":{"line":31,"column":1}},"line":26}},"branchMap":{"0":{"loc":{"start":{"line":26,"column":24},"end":{"line":26,"column":35}},"type":"default-arg","locations":[{"start":{"line":26,"column":33},"end":{"line":26,"column":35}}],"line":26}},"s":{"0":5,"1":5,"2":5,"3":1,"4":0,"5":1,"6":1},"f":{"0":5,"1":1,"2":0,"3":1,"4":1},"b":{"0":[1]},"_coverageSchema":"1a1c01bbd47fc00a2c39e90264f33305004495a9","hash":"f009842dbff0ed9f951d5d0295376eb851875730"}
,"/Users/michal/projects/Convious/src/common/style.ts": {"path":"/Users/michal/projects/Convious/src/common/style.ts","statementMap":{"0":{"start":{"line":5,"column":21},"end":{"line":28,"column":2}}},"fnMap":{},"branchMap":{},"s":{"0":2},"f":{},"b":{},"_coverageSchema":"1a1c01bbd47fc00a2c39e90264f33305004495a9","hash":"2e227d8d0b17f61725ae34ed053ec63a34e59e26"}
,"/Users/michal/projects/Convious/src/components/FatalError/index.tsx": {"path":"/Users/michal/projects/Convious/src/components/FatalError/index.tsx","statementMap":{"0":{"start":{"line":6,"column":38},"end":{"line":18,"column":1}},"1":{"start":{"line":7,"column":2},"end":{"line":17,"column":4}},"2":{"start":{"line":20,"column":26},"end":{"line":20,"column":51}}},"fnMap":{"0":{"name":"(anonymous_0)","decl":{"start":{"line":6,"column":38},"end":{"line":6,"column":39}},"loc":{"start":{"line":6,"column":44},"end":{"line":18,"column":1}},"line":6}},"branchMap":{},"s":{"0":1,"1":1,"2":1},"f":{"0":1},"b":{},"_coverageSchema":"1a1c01bbd47fc00a2c39e90264f33305004495a9","hash":"1b831266e968b10c6592bb5d62ac1307e1f31f04"}
,"/Users/michal/projects/Convious/src/components/ListElement/index.tsx": {"path":"/Users/michal/projects/Convious/src/components/ListElement/index.tsx","statementMap":{"0":{"start":{"line":6,"column":29},"end":{"line":32,"column":1}},"1":{"start":{"line":12,"column":2},"end":{"line":31,"column":4}},"2":{"start":{"line":34,"column":27},"end":{"line":34,"column":53}}},"fnMap":{"0":{"name":"(anonymous_0)","decl":{"start":{"line":6,"column":29},"end":{"line":6,"column":30}},"loc":{"start":{"line":11,"column":20},"end":{"line":32,"column":1}},"line":11}},"branchMap":{"0":{"loc":{"start":{"line":25,"column":11},"end":{"line":27,"column":28}},"type":"cond-expr","locations":[{"start":{"line":26,"column":14},"end":{"line":26,"column":53}},{"start":{"line":27,"column":14},"end":{"line":27,"column":28}}],"line":25}},"s":{"0":1,"1":1,"2":1},"f":{"0":1},"b":{"0":[0,1]},"_coverageSchema":"1a1c01bbd47fc00a2c39e90264f33305004495a9","hash":"d6957404d77aa29ae28394d443b7d5409379177d"}
,"/Users/michal/projects/Convious/src/components/ListElement/styles.ts": {"path":"/Users/michal/projects/Convious/src/components/ListElement/styles.ts","statementMap":{"0":{"start":{"line":5,"column":15},"end":{"line":39,"column":2}}},"fnMap":{},"branchMap":{},"s":{"0":1},"f":{},"b":{},"_coverageSchema":"1a1c01bbd47fc00a2c39e90264f33305004495a9","hash":"af83672a426ac68026cb129d448e28a82c132f44"}
,"/Users/michal/projects/Convious/src/components/Loading/index.tsx": {"path":"/Users/michal/projects/Convious/src/components/Loading/index.tsx","statementMap":{"0":{"start":{"line":8,"column":25},"end":{"line":22,"column":1}},"1":{"start":{"line":9,"column":2},"end":{"line":21,"column":4}},"2":{"start":{"line":23,"column":23},"end":{"line":23,"column":45}}},"fnMap":{"0":{"name":"(anonymous_0)","decl":{"start":{"line":8,"column":25},"end":{"line":8,"column":26}},"loc":{"start":{"line":8,"column":51},"end":{"line":22,"column":1}},"line":8}},"branchMap":{"0":{"loc":{"start":{"line":13,"column":8},"end":{"line":13,"column":52}},"type":"cond-expr","locations":[{"start":{"line":13,"column":30},"end":{"line":13,"column":45}},{"start":{"line":13,"column":48},"end":{"line":13,"column":52}}],"line":13}},"s":{"0":1,"1":2,"2":1},"f":{"0":2},"b":{"0":[1,1]},"_coverageSchema":"1a1c01bbd47fc00a2c39e90264f33305004495a9","hash":"c6f05d0fac439f56377eb4cd575322a157182caf"}
,"/Users/michal/projects/Convious/src/components/Loading/styles.ts": {"path":"/Users/michal/projects/Convious/src/components/Loading/styles.ts","statementMap":{"0":{"start":{"line":3,"column":15},"end":{"line":13,"column":2}}},"fnMap":{},"branchMap":{},"s":{"0":1},"f":{},"b":{},"_coverageSchema":"1a1c01bbd47fc00a2c39e90264f33305004495a9","hash":"0799a4419a4f909cb56ab982f06a59fc45128d54"}
,"/Users/michal/projects/Convious/src/components/SafeArea/index.tsx": {"path":"/Users/michal/projects/Convious/src/components/SafeArea/index.tsx","statementMap":{"0":{"start":{"line":6,"column":27},"end":{"line":12,"column":1}},"1":{"start":{"line":7,"column":2},"end":{"line":11,"column":21}}},"fnMap":{"0":{"name":"(anonymous_0)","decl":{"start":{"line":6,"column":27},"end":{"line":6,"column":28}},"loc":{"start":{"line":7,"column":2},"end":{"line":11,"column":21}},"line":7}},"branchMap":{},"s":{"0":1,"1":1},"f":{"0":1},"b":{},"_coverageSchema":"1a1c01bbd47fc00a2c39e90264f33305004495a9","hash":"fe45a35bd184baff2c9e6cb4a25cec7a1094d8b7"}
,"/Users/michal/projects/Convious/src/components/SafeArea/styles.ts": {"path":"/Users/michal/projects/Convious/src/components/SafeArea/styles.ts","statementMap":{"0":{"start":{"line":3,"column":15},"end":{"line":7,"column":2}}},"fnMap":{},"branchMap":{},"s":{"0":1},"f":{},"b":{},"_coverageSchema":"1a1c01bbd47fc00a2c39e90264f33305004495a9","hash":"87b2b353ef08adea3b0d98dbe327f70e025299a7"}
,"/Users/michal/projects/Convious/src/components/ScreenShotImage/index.tsx": {"path":"/Users/michal/projects/Convious/src/components/ScreenShotImage/index.tsx","statementMap":{"0":{"start":{"line":6,"column":33},"end":{"line":19,"column":1}},"1":{"start":{"line":7,"column":2},"end":{"line":18,"column":4}},"2":{"start":{"line":21,"column":31},"end":{"line":21,"column":61}}},"fnMap":{"0":{"name":"(anonymous_0)","decl":{"start":{"line":6,"column":33},"end":{"line":6,"column":34}},"loc":{"start":{"line":6,"column":69},"end":{"line":19,"column":1}},"line":6}},"branchMap":{"0":{"loc":{"start":{"line":9,"column":7},"end":{"line":16,"column":7}},"type":"binary-expr","locations":[{"start":{"line":9,"column":7},"end":{"line":9,"column":16}},{"start":{"line":10,"column":8},"end":{"line":15,"column":10}}],"line":9}},"s":{"0":1,"1":1,"2":1},"f":{"0":1},"b":{"0":[1,1]},"_coverageSchema":"1a1c01bbd47fc00a2c39e90264f33305004495a9","hash":"c97b6d28d9641d175f3548620dfe49848616fcb0"}
,"/Users/michal/projects/Convious/src/components/ScreenShotImage/styles.ts": {"path":"/Users/michal/projects/Convious/src/components/ScreenShotImage/styles.ts","statementMap":{"0":{"start":{"line":4,"column":15},"end":{"line":15,"column":2}}},"fnMap":{},"branchMap":{},"s":{"0":1},"f":{},"b":{},"_coverageSchema":"1a1c01bbd47fc00a2c39e90264f33305004495a9","hash":"ac455645775521f71fff0f9e32c4bf848c8a4148"}
,"/Users/michal/projects/Convious/src/components/SearchBar/index.tsx": {"path":"/Users/michal/projects/Convious/src/components/SearchBar/index.tsx","statementMap":{"0":{"start":{"line":7,"column":27},"end":{"line":29,"column":1}},"1":{"start":{"line":8,"column":40},"end":{"line":8,"column":52}},"2":{"start":{"line":11,"column":25},"end":{"line":17,"column":3}},"3":{"start":{"line":13,"column":6},"end":{"line":13,"column":28}},"4":{"start":{"line":14,"column":6},"end":{"line":14,"column":22}},"5":{"start":{"line":19,"column":2},"end":{"line":28,"column":4}},"6":{"start":{"line":31,"column":25},"end":{"line":31,"column":49}}},"fnMap":{"0":{"name":"(anonymous_0)","decl":{"start":{"line":7,"column":27},"end":{"line":7,"column":28}},"loc":{"start":{"line":7,"column":59},"end":{"line":29,"column":1}},"line":7},"1":{"name":"(anonymous_1)","decl":{"start":{"line":12,"column":4},"end":{"line":12,"column":5}},"loc":{"start":{"line":12,"column":23},"end":{"line":15,"column":5}},"line":12}},"branchMap":{},"s":{"0":1,"1":3,"2":3,"3":1,"4":1,"5":3,"6":1},"f":{"0":3,"1":1},"b":{},"_coverageSchema":"1a1c01bbd47fc00a2c39e90264f33305004495a9","hash":"90eac91baa2fbc9330e55bfdcbf3bc0af8973dc9"}
,"/Users/michal/projects/Convious/src/components/SearchBar/styles.ts": {"path":"/Users/michal/projects/Convious/src/components/SearchBar/styles.ts","statementMap":{"0":{"start":{"line":4,"column":15},"end":{"line":13,"column":2}}},"fnMap":{},"branchMap":{},"s":{"0":1},"f":{},"b":{},"_coverageSchema":"1a1c01bbd47fc00a2c39e90264f33305004495a9","hash":"fa0a24503c463e280734ba89aebb9fb5b7576f53"}
,"/Users/michal/projects/Convious/src/hooks/useApps.ts": {"path":"/Users/michal/projects/Convious/src/hooks/useApps.ts","statementMap":{"0":{"start":{"line":15,"column":16},"end":{"line":60,"column":1}},"1":{"start":{"line":16,"column":19},"end":{"line":16,"column":32}},"2":{"start":{"line":17,"column":15},"end":{"line":17,"column":46}},"3":{"start":{"line":18,"column":18},"end":{"line":18,"column":44}},"4":{"start":{"line":20,"column":18},"end":{"line":22,"column":16}},"5":{"start":{"line":21,"column":4},"end":{"line":21,"column":26}},"6":{"start":{"line":24,"column":16},"end":{"line":33,"column":3}},"7":{"start":{"line":26,"column":32},"end":{"line":29,"column":9}},"8":{"start":{"line":26,"column":65},"end":{"line":29,"column":7}},"9":{"start":{"line":30,"column":6},"end":{"line":30,"column":36}},"10":{"start":{"line":35,"column":17},"end":{"line":40,"column":3}},"11":{"start":{"line":37,"column":6},"end":{"line":37,"column":38}},"12":{"start":{"line":42,"column":17},"end":{"line":53,"column":3}},"13":{"start":{"line":44,"column":6},"end":{"line":50,"column":7}},"14":{"start":{"line":45,"column":8},"end":{"line":45,"column":40}},"15":{"start":{"line":46,"column":8},"end":{"line":46,"column":31}},"16":{"start":{"line":47,"column":8},"end":{"line":47,"column":32}},"17":{"start":{"line":48,"column":8},"end":{"line":48,"column":30}},"18":{"start":{"line":49,"column":8},"end":{"line":49,"column":20}},"19":{"start":{"line":55,"column":2},"end":{"line":57,"column":14}},"20":{"start":{"line":56,"column":4},"end":{"line":56,"column":16}},"21":{"start":{"line":59,"column":2},"end":{"line":59,"column":57}}},"fnMap":{"0":{"name":"(anonymous_0)","decl":{"start":{"line":15,"column":16},"end":{"line":15,"column":17}},"loc":{"start":{"line":15,"column":22},"end":{"line":60,"column":1}},"line":15},"1":{"name":"(anonymous_1)","decl":{"start":{"line":20,"column":30},"end":{"line":20,"column":31}},"loc":{"start":{"line":20,"column":36},"end":{"line":22,"column":3}},"line":20},"2":{"name":"(anonymous_2)","decl":{"start":{"line":25,"column":4},"end":{"line":25,"column":5}},"loc":{"start":{"line":25,"column":27},"end":{"line":31,"column":5}},"line":25},"3":{"name":"(anonymous_3)","decl":{"start":{"line":26,"column":52},"end":{"line":26,"column":53}},"loc":{"start":{"line":26,"column":65},"end":{"line":29,"column":7}},"line":26},"4":{"name":"(anonymous_4)","decl":{"start":{"line":36,"column":4},"end":{"line":36,"column":5}},"loc":{"start":{"line":36,"column":24},"end":{"line":38,"column":5}},"line":36},"5":{"name":"(anonymous_5)","decl":{"start":{"line":43,"column":4},"end":{"line":43,"column":5}},"loc":{"start":{"line":43,"column":22},"end":{"line":51,"column":5}},"line":43},"6":{"name":"(anonymous_6)","decl":{"start":{"line":55,"column":12},"end":{"line":55,"column":13}},"loc":{"start":{"line":55,"column":18},"end":{"line":57,"column":3}},"line":55}},"branchMap":{"0":{"loc":{"start":{"line":44,"column":6},"end":{"line":50,"column":7}},"type":"if","locations":[{"start":{"line":44,"column":6},"end":{"line":50,"column":7}},{"start":{},"end":{}}],"line":44}},"s":{"0":1,"1":5,"2":5,"3":5,"4":5,"5":1,"6":5,"7":7,"8":112,"9":7,"10":5,"11":1,"12":5,"13":2,"14":1,"15":1,"16":1,"17":1,"18":1,"19":5,"20":5,"21":5},"f":{"0":5,"1":1,"2":7,"3":112,"4":1,"5":2,"6":5},"b":{"0":[1,1]},"_coverageSchema":"1a1c01bbd47fc00a2c39e90264f33305004495a9","hash":"a3413d88ae8de82c27b2b041fa9339ef16d44700"}
,"/Users/michal/projects/Convious/src/mocks/mockApps.ts": {"path":"/Users/michal/projects/Convious/src/mocks/mockApps.ts","statementMap":{"0":{"start":{"line":3,"column":49},"end":{"line":140,"column":1}},"1":{"start":{"line":142,"column":49},"end":{"line":285,"column":1}},"2":{"start":{"line":287,"column":34},"end":{"line":287,"column":74}},"3":{"start":{"line":289,"column":40},"end":{"line":293,"column":1}},"4":{"start":{"line":295,"column":45},"end":{"line":299,"column":1}}},"fnMap":{},"branchMap":{},"s":{"0":8,"1":8,"2":8,"3":8,"4":8},"f":{},"b":{},"_coverageSchema":"1a1c01bbd47fc00a2c39e90264f33305004495a9","hash":"5db8a1c9a8f6c9f561b8c192a982d2c770edbfb8"}
,"/Users/michal/projects/Convious/src/mocks/mockState.ts": {"path":"/Users/michal/projects/Convious/src/mocks/mockState.ts","statementMap":{"0":{"start":{"line":4,"column":30},"end":{"line":7,"column":1}},"1":{"start":{"line":9,"column":48},"end":{"line":12,"column":1}}},"fnMap":{},"branchMap":{},"s":{"0":3,"1":3},"f":{},"b":{},"_coverageSchema":"1a1c01bbd47fc00a2c39e90264f33305004495a9","hash":"e7374a0587bd69860c3227a015856def09779c5e"}
,"/Users/michal/projects/Convious/src/mocks/mockUI.ts": {"path":"/Users/michal/projects/Convious/src/mocks/mockUI.ts","statementMap":{"0":{"start":{"line":4,"column":34},"end":{"line":6,"column":1}},"1":{"start":{"line":8,"column":36},"end":{"line":10,"column":1}},"2":{"start":{"line":12,"column":27},"end":{"line":15,"column":1}}},"fnMap":{},"branchMap":{},"s":{"0":5,"1":5,"2":5},"f":{},"b":{},"_coverageSchema":"1a1c01bbd47fc00a2c39e90264f33305004495a9","hash":"fc62fc7de7d26feb31b6eaa6da508e8c62f5236a"}
,"/Users/michal/projects/Convious/src/redux/RootReducer.ts": {"path":"/Users/michal/projects/Convious/src/redux/RootReducer.ts","statementMap":{"0":{"start":{"line":10,"column":0},"end":{"line":10,"column":12}},"1":{"start":{"line":12,"column":26},"end":{"line":15,"column":1}},"2":{"start":{"line":17,"column":18},"end":{"line":20,"column":2}},"3":{"start":{"line":22,"column":27},"end":{"line":26,"column":2}},"4":{"start":{"line":29,"column":32},"end":{"line":29,"column":78}}},"fnMap":{},"branchMap":{},"s":{"0":3,"1":3,"2":3,"3":3,"4":3},"f":{},"b":{},"_coverageSchema":"1a1c01bbd47fc00a2c39e90264f33305004495a9","hash":"9870c2be56aa1ae26bc9d3217af1d66ba67ea135"}
,"/Users/michal/projects/Convious/src/redux/RootSaga.ts": {"path":"/Users/michal/projects/Convious/src/redux/RootSaga.ts","statementMap":{"0":{"start":{"line":7,"column":2},"end":{"line":7,"column":24}},"1":{"start":{"line":8,"column":2},"end":{"line":8,"column":39}}},"fnMap":{"0":{"name":"rootSaga","decl":{"start":{"line":6,"column":25},"end":{"line":6,"column":33}},"loc":{"start":{"line":6,"column":36},"end":{"line":9,"column":1}},"line":6}},"branchMap":{},"s":{"0":3,"1":0},"f":{"0":3},"b":{},"_coverageSchema":"1a1c01bbd47fc00a2c39e90264f33305004495a9","hash":"8835d13f719aef13e3bab30a58263f0d10fbb3b2"}
,"/Users/michal/projects/Convious/src/redux/store.ts": {"path":"/Users/michal/projects/Convious/src/redux/store.ts","statementMap":{"0":{"start":{"line":9,"column":12},"end":{"line":9,"column":21}},"1":{"start":{"line":11,"column":23},"end":{"line":15,"column":2}},"2":{"start":{"line":17,"column":25},"end":{"line":17,"column":48}},"3":{"start":{"line":19,"column":21},"end":{"line":22,"column":1}},"4":{"start":{"line":24,"column":0},"end":{"line":24,"column":29}},"5":{"start":{"line":26,"column":25},"end":{"line":26,"column":44}}},"fnMap":{},"branchMap":{},"s":{"0":3,"1":3,"2":3,"3":3,"4":3,"5":3},"f":{},"b":{},"_coverageSchema":"1a1c01bbd47fc00a2c39e90264f33305004495a9","hash":"6f4059a48e13abfdbcdc1d6857538c74ec9b2851"}
,"/Users/michal/projects/Convious/src/redux/apps/actions.ts": {"path":"/Users/michal/projects/Convious/src/redux/apps/actions.ts","statementMap":{"0":{"start":{"line":5,"column":33},"end":{"line":10,"column":3}},"1":{"start":{"line":7,"column":40},"end":{"line":9,"column":3}},"2":{"start":{"line":12,"column":35},"end":{"line":12,"column":74}},"3":{"start":{"line":14,"column":25},"end":{"line":14,"column":53}},"4":{"start":{"line":16,"column":25},"end":{"line":18,"column":5}},"5":{"start":{"line":16,"column":73},"end":{"line":18,"column":1}},"6":{"start":{"line":20,"column":23},"end":{"line":22,"column":5}},"7":{"start":{"line":20,"column":67},"end":{"line":22,"column":1}},"8":{"start":{"line":24,"column":26},"end":{"line":26,"column":5}},"9":{"start":{"line":24,"column":78},"end":{"line":26,"column":1}},"10":{"start":{"line":28,"column":29},"end":{"line":33,"column":3}},"11":{"start":{"line":30,"column":23},"end":{"line":32,"column":3}}},"fnMap":{"0":{"name":"(anonymous_0)","decl":{"start":{"line":7,"column":2},"end":{"line":7,"column":3}},"loc":{"start":{"line":7,"column":40},"end":{"line":9,"column":3}},"line":7},"1":{"name":"(anonymous_1)","decl":{"start":{"line":16,"column":52},"end":{"line":16,"column":53}},"loc":{"start":{"line":16,"column":73},"end":{"line":18,"column":1}},"line":16},"2":{"name":"(anonymous_2)","decl":{"start":{"line":20,"column":48},"end":{"line":20,"column":49}},"loc":{"start":{"line":20,"column":67},"end":{"line":22,"column":1}},"line":20},"3":{"name":"(anonymous_3)","decl":{"start":{"line":24,"column":54},"end":{"line":24,"column":55}},"loc":{"start":{"line":24,"column":78},"end":{"line":26,"column":1}},"line":24},"4":{"name":"(anonymous_4)","decl":{"start":{"line":30,"column":2},"end":{"line":30,"column":3}},"loc":{"start":{"line":30,"column":23},"end":{"line":32,"column":3}},"line":30}},"branchMap":{},"s":{"0":5,"1":3,"2":5,"3":5,"4":5,"5":3,"6":5,"7":2,"8":5,"9":7,"10":5,"11":1},"f":{"0":3,"1":3,"2":2,"3":7,"4":1},"b":{},"_coverageSchema":"1a1c01bbd47fc00a2c39e90264f33305004495a9","hash":"30d9537417e43f7625b9fe4c4d5c2318e77320ee"}
,"/Users/michal/projects/Convious/src/redux/apps/reducer.ts": {"path":"/Users/michal/projects/Convious/src/redux/apps/reducer.ts","statementMap":{"0":{"start":{"line":14,"column":31},"end":{"line":19,"column":1}},"1":{"start":{"line":21,"column":19},"end":{"line":65,"column":1}},"2":{"start":{"line":22,"column":2},"end":{"line":64,"column":5}},"3":{"start":{"line":23,"column":4},"end":{"line":63,"column":5}},"4":{"start":{"line":25,"column":33},"end":{"line":25,"column":47}},"5":{"start":{"line":26,"column":8},"end":{"line":30,"column":9}},"6":{"start":{"line":27,"column":10},"end":{"line":27,"column":48}},"7":{"start":{"line":29,"column":10},"end":{"line":29,"column":16}},"8":{"start":{"line":32,"column":8},"end":{"line":32,"column":76}},"9":{"start":{"line":33,"column":8},"end":{"line":33,"column":14}},"10":{"start":{"line":36,"column":8},"end":{"line":36,"column":34}},"11":{"start":{"line":37,"column":8},"end":{"line":37,"column":14}},"12":{"start":{"line":40,"column":8},"end":{"line":40,"column":45}},"13":{"start":{"line":41,"column":8},"end":{"line":41,"column":14}},"14":{"start":{"line":44,"column":8},"end":{"line":44,"column":41}},"15":{"start":{"line":45,"column":8},"end":{"line":45,"column":14}},"16":{"start":{"line":48,"column":8},"end":{"line":48,"column":47}},"17":{"start":{"line":49,"column":8},"end":{"line":49,"column":14}},"18":{"start":{"line":52,"column":31},"end":{"line":52,"column":52}},"19":{"start":{"line":54,"column":8},"end":{"line":60,"column":12}},"20":{"start":{"line":54,"column":54},"end":{"line":60,"column":9}},"21":{"start":{"line":61,"column":8},"end":{"line":61,"column":14}}},"fnMap":{"0":{"name":"(anonymous_0)","decl":{"start":{"line":21,"column":19},"end":{"line":21,"column":20}},"loc":{"start":{"line":21,"column":69},"end":{"line":65,"column":1}},"line":21},"1":{"name":"(anonymous_1)","decl":{"start":{"line":22,"column":24},"end":{"line":22,"column":25}},"loc":{"start":{"line":22,"column":55},"end":{"line":64,"column":3}},"line":22},"2":{"name":"(anonymous_2)","decl":{"start":{"line":54,"column":43},"end":{"line":54,"column":44}},"loc":{"start":{"line":54,"column":54},"end":{"line":60,"column":9}},"line":54}},"branchMap":{"0":{"loc":{"start":{"line":21,"column":20},"end":{"line":21,"column":39}},"type":"default-arg","locations":[{"start":{"line":21,"column":28},"end":{"line":21,"column":39}}],"line":21},"1":{"loc":{"start":{"line":23,"column":4},"end":{"line":63,"column":5}},"type":"switch","locations":[{"start":{"line":24,"column":6},"end":{"line":34,"column":7}},{"start":{"line":35,"column":6},"end":{"line":38,"column":7}},{"start":{"line":39,"column":6},"end":{"line":42,"column":7}},{"start":{"line":43,"column":6},"end":{"line":46,"column":7}},{"start":{"line":47,"column":6},"end":{"line":50,"column":7}},{"start":{"line":51,"column":6},"end":{"line":62,"column":7}}],"line":23},"2":{"loc":{"start":{"line":26,"column":8},"end":{"line":30,"column":9}},"type":"if","locations":[{"start":{"line":26,"column":8},"end":{"line":30,"column":9}},{"start":{},"end":{}}],"line":26},"3":{"loc":{"start":{"line":57,"column":12},"end":{"line":59,"column":30}},"type":"cond-expr","locations":[{"start":{"line":58,"column":16},"end":{"line":58,"column":38}},{"start":{"line":59,"column":16},"end":{"line":59,"column":30}}],"line":57}},"s":{"0":3,"1":3,"2":20,"3":20,"4":2,"5":2,"6":1,"7":1,"8":1,"9":1,"10":1,"11":1,"12":1,"13":1,"14":1,"15":1,"16":0,"17":0,"18":0,"19":0,"20":0,"21":0},"f":{"0":20,"1":20,"2":0},"b":{"0":[9],"1":[2,1,1,1,0,0],"2":[1,1],"3":[0,0]},"_coverageSchema":"1a1c01bbd47fc00a2c39e90264f33305004495a9","hash":"780e89c18d747c7959a4f5b3f3d20bf49c090120"}
,"/Users/michal/projects/Convious/src/redux/apps/sagas.ts": {"path":"/Users/michal/projects/Convious/src/redux/apps/sagas.ts","statementMap":{"0":{"start":{"line":13,"column":2},"end":{"line":35,"column":3}},"1":{"start":{"line":14,"column":4},"end":{"line":14,"column":32}},"2":{"start":{"line":15,"column":25},"end":{"line":15,"column":49}},"3":{"start":{"line":16,"column":27},"end":{"line":16,"column":53}},"4":{"start":{"line":18,"column":21},"end":{"line":18,"column":44}},"5":{"start":{"line":20,"column":35},"end":{"line":25,"column":6}},"6":{"start":{"line":27,"column":38},"end":{"line":27,"column":58}},"7":{"start":{"line":29,"column":4},"end":{"line":29,"column":47}},"8":{"start":{"line":30,"column":4},"end":{"line":30,"column":43}},"9":{"start":{"line":32,"column":4},"end":{"line":32,"column":49}},"10":{"start":{"line":34,"column":4},"end":{"line":34,"column":33}},"11":{"start":{"line":39,"column":2},"end":{"line":39,"column":53}}},"fnMap":{"0":{"name":"fetchAppsSaga","decl":{"start":{"line":12,"column":17},"end":{"line":12,"column":30}},"loc":{"start":{"line":12,"column":33},"end":{"line":36,"column":1}},"line":12},"1":{"name":"appsSaga","decl":{"start":{"line":38,"column":17},"end":{"line":38,"column":25}},"loc":{"start":{"line":38,"column":28},"end":{"line":40,"column":1}},"line":38}},"branchMap":{},"s":{"0":1,"1":1,"2":1,"3":1,"4":1,"5":1,"6":1,"7":1,"8":1,"9":0,"10":1,"11":0},"f":{"0":1,"1":0},"b":{},"_coverageSchema":"1a1c01bbd47fc00a2c39e90264f33305004495a9","hash":"b75312ba97e56e09eba56fa02f8343ca61aa659b"}
,"/Users/michal/projects/Convious/src/redux/apps/selectors.ts": {"path":"/Users/michal/projects/Convious/src/redux/apps/selectors.ts","statementMap":{"0":{"start":{"line":3,"column":26},"end":{"line":3,"column":78}},"1":{"start":{"line":3,"column":48},"end":{"line":3,"column":78}},"2":{"start":{"line":5,"column":34},"end":{"line":13,"column":1}},"3":{"start":{"line":6,"column":15},"end":{"line":6,"column":32}},"4":{"start":{"line":7,"column":18},"end":{"line":7,"column":38}},"5":{"start":{"line":9,"column":2},"end":{"line":12,"column":4}},"6":{"start":{"line":11,"column":6},"end":{"line":11,"column":75}},"7":{"start":{"line":11,"column":29},"end":{"line":11,"column":65}},"8":{"start":{"line":15,"column":28},"end":{"line":15,"column":72}},"9":{"start":{"line":15,"column":50},"end":{"line":15,"column":72}},"10":{"start":{"line":17,"column":26},"end":{"line":17,"column":68}},"11":{"start":{"line":17,"column":48},"end":{"line":17,"column":68}},"12":{"start":{"line":19,"column":29},"end":{"line":19,"column":74}},"13":{"start":{"line":19,"column":51},"end":{"line":19,"column":74}}},"fnMap":{"0":{"name":"(anonymous_0)","decl":{"start":{"line":3,"column":26},"end":{"line":3,"column":27}},"loc":{"start":{"line":3,"column":48},"end":{"line":3,"column":78}},"line":3},"1":{"name":"(anonymous_1)","decl":{"start":{"line":5,"column":34},"end":{"line":5,"column":35}},"loc":{"start":{"line":5,"column":56},"end":{"line":13,"column":1}},"line":5},"2":{"name":"(anonymous_2)","decl":{"start":{"line":10,"column":4},"end":{"line":10,"column":5}},"loc":{"start":{"line":11,"column":6},"end":{"line":11,"column":75}},"line":11},"3":{"name":"(anonymous_3)","decl":{"start":{"line":11,"column":19},"end":{"line":11,"column":20}},"loc":{"start":{"line":11,"column":29},"end":{"line":11,"column":65}},"line":11},"4":{"name":"(anonymous_4)","decl":{"start":{"line":15,"column":28},"end":{"line":15,"column":29}},"loc":{"start":{"line":15,"column":50},"end":{"line":15,"column":72}},"line":15},"5":{"name":"(anonymous_5)","decl":{"start":{"line":17,"column":26},"end":{"line":17,"column":27}},"loc":{"start":{"line":17,"column":48},"end":{"line":17,"column":68}},"line":17},"6":{"name":"(anonymous_6)","decl":{"start":{"line":19,"column":29},"end":{"line":19,"column":30}},"loc":{"start":{"line":19,"column":51},"end":{"line":19,"column":74}},"line":19}},"branchMap":{},"s":{"0":6,"1":1,"2":6,"3":0,"4":0,"5":0,"6":0,"7":0,"8":6,"9":1,"10":6,"11":1,"12":6,"13":0},"f":{"0":1,"1":0,"2":0,"3":0,"4":1,"5":1,"6":0},"b":{},"_coverageSchema":"1a1c01bbd47fc00a2c39e90264f33305004495a9","hash":"a7a101fedce28c92e984d4741c5bf3b1f8eadf71"}
,"/Users/michal/projects/Convious/src/redux/music/actions.ts": {"path":"/Users/michal/projects/Convious/src/redux/music/actions.ts","statementMap":{"0":{"start":{"line":5,"column":34},"end":{"line":10,"column":3}},"1":{"start":{"line":7,"column":43},"end":{"line":9,"column":3}},"2":{"start":{"line":12,"column":36},"end":{"line":12,"column":76}},"3":{"start":{"line":14,"column":26},"end":{"line":14,"column":55}},"4":{"start":{"line":16,"column":30},"end":{"line":21,"column":3}},"5":{"start":{"line":18,"column":23},"end":{"line":20,"column":3}},"6":{"start":{"line":23,"column":29},"end":{"line":28,"column":3}},"7":{"start":{"line":25,"column":22},"end":{"line":27,"column":3}},"8":{"start":{"line":30,"column":31},"end":{"line":35,"column":3}},"9":{"start":{"line":32,"column":26},"end":{"line":34,"column":3}},"10":{"start":{"line":37,"column":34},"end":{"line":42,"column":3}},"11":{"start":{"line":39,"column":23},"end":{"line":41,"column":3}}},"fnMap":{"0":{"name":"(anonymous_0)","decl":{"start":{"line":7,"column":2},"end":{"line":7,"column":3}},"loc":{"start":{"line":7,"column":43},"end":{"line":9,"column":3}},"line":7},"1":{"name":"(anonymous_1)","decl":{"start":{"line":18,"column":2},"end":{"line":18,"column":3}},"loc":{"start":{"line":18,"column":23},"end":{"line":20,"column":3}},"line":18},"2":{"name":"(anonymous_2)","decl":{"start":{"line":25,"column":2},"end":{"line":25,"column":3}},"loc":{"start":{"line":25,"column":22},"end":{"line":27,"column":3}},"line":25},"3":{"name":"(anonymous_3)","decl":{"start":{"line":32,"column":2},"end":{"line":32,"column":3}},"loc":{"start":{"line":32,"column":26},"end":{"line":34,"column":3}},"line":32},"4":{"name":"(anonymous_4)","decl":{"start":{"line":39,"column":2},"end":{"line":39,"column":3}},"loc":{"start":{"line":39,"column":23},"end":{"line":41,"column":3}},"line":39}},"branchMap":{},"s":{"0":3,"1":0,"2":3,"3":3,"4":3,"5":0,"6":3,"7":0,"8":3,"9":0,"10":3,"11":0},"f":{"0":0,"1":0,"2":0,"3":0,"4":0},"b":{},"_coverageSchema":"1a1c01bbd47fc00a2c39e90264f33305004495a9","hash":"65094a4e5916005bf6a06d9628e3372d3de481b2"}
,"/Users/michal/projects/Convious/src/redux/music/reducer.ts": {"path":"/Users/michal/projects/Convious/src/redux/music/reducer.ts","statementMap":{"0":{"start":{"line":14,"column":32},"end":{"line":19,"column":1}},"1":{"start":{"line":21,"column":21},"end":{"line":65,"column":1}},"2":{"start":{"line":22,"column":2},"end":{"line":64,"column":5}},"3":{"start":{"line":23,"column":4},"end":{"line":63,"column":5}},"4":{"start":{"line":25,"column":34},"end":{"line":25,"column":48}},"5":{"start":{"line":26,"column":8},"end":{"line":30,"column":9}},"6":{"start":{"line":27,"column":10},"end":{"line":27,"column":50}},"7":{"start":{"line":29,"column":10},"end":{"line":29,"column":16}},"8":{"start":{"line":32,"column":8},"end":{"line":32,"column":79}},"9":{"start":{"line":33,"column":8},"end":{"line":33,"column":14}},"10":{"start":{"line":36,"column":8},"end":{"line":36,"column":35}},"11":{"start":{"line":37,"column":8},"end":{"line":37,"column":14}},"12":{"start":{"line":40,"column":8},"end":{"line":40,"column":45}},"13":{"start":{"line":41,"column":8},"end":{"line":41,"column":14}},"14":{"start":{"line":44,"column":8},"end":{"line":44,"column":43}},"15":{"start":{"line":45,"column":8},"end":{"line":45,"column":14}},"16":{"start":{"line":48,"column":8},"end":{"line":48,"column":47}},"17":{"start":{"line":49,"column":8},"end":{"line":49,"column":14}},"18":{"start":{"line":52,"column":31},"end":{"line":52,"column":52}},"19":{"start":{"line":54,"column":8},"end":{"line":60,"column":12}},"20":{"start":{"line":54,"column":54},"end":{"line":60,"column":9}},"21":{"start":{"line":61,"column":8},"end":{"line":61,"column":14}}},"fnMap":{"0":{"name":"(anonymous_0)","decl":{"start":{"line":21,"column":21},"end":{"line":21,"column":22}},"loc":{"start":{"line":21,"column":72},"end":{"line":65,"column":1}},"line":21},"1":{"name":"(anonymous_1)","decl":{"start":{"line":22,"column":24},"end":{"line":22,"column":25}},"loc":{"start":{"line":22,"column":56},"end":{"line":64,"column":3}},"line":22},"2":{"name":"(anonymous_2)","decl":{"start":{"line":54,"column":43},"end":{"line":54,"column":44}},"loc":{"start":{"line":54,"column":54},"end":{"line":60,"column":9}},"line":54}},"branchMap":{"0":{"loc":{"start":{"line":21,"column":22},"end":{"line":21,"column":41}},"type":"default-arg","locations":[{"start":{"line":21,"column":30},"end":{"line":21,"column":41}}],"line":21},"1":{"loc":{"start":{"line":23,"column":4},"end":{"line":63,"column":5}},"type":"switch","locations":[{"start":{"line":24,"column":6},"end":{"line":34,"column":7}},{"start":{"line":35,"column":6},"end":{"line":38,"column":7}},{"start":{"line":39,"column":6},"end":{"line":42,"column":7}},{"start":{"line":43,"column":6},"end":{"line":46,"column":7}},{"start":{"line":47,"column":6},"end":{"line":50,"column":7}},{"start":{"line":51,"column":6},"end":{"line":62,"column":7}}],"line":23},"2":{"loc":{"start":{"line":26,"column":8},"end":{"line":30,"column":9}},"type":"if","locations":[{"start":{"line":26,"column":8},"end":{"line":30,"column":9}},{"start":{},"end":{}}],"line":26},"3":{"loc":{"start":{"line":57,"column":12},"end":{"line":59,"column":30}},"type":"cond-expr","locations":[{"start":{"line":58,"column":16},"end":{"line":58,"column":38}},{"start":{"line":59,"column":16},"end":{"line":59,"column":30}}],"line":57}},"s":{"0":3,"1":3,"2":20,"3":20,"4":0,"5":0,"6":0,"7":0,"8":0,"9":0,"10":0,"11":0,"12":0,"13":0,"14":0,"15":0,"16":0,"17":0,"18":0,"19":0,"20":0,"21":0},"f":{"0":20,"1":20,"2":0},"b":{"0":[9],"1":[0,0,0,0,0,0],"2":[0,0],"3":[0,0]},"_coverageSchema":"1a1c01bbd47fc00a2c39e90264f33305004495a9","hash":"0546d70f2fa21548de0691c71c09a8109353b642"}
,"/Users/michal/projects/Convious/src/redux/music/sagas.ts": {"path":"/Users/michal/projects/Convious/src/redux/music/sagas.ts","statementMap":{"0":{"start":{"line":17,"column":2},"end":{"line":39,"column":3}},"1":{"start":{"line":18,"column":4},"end":{"line":18,"column":32}},"2":{"start":{"line":19,"column":25},"end":{"line":19,"column":55}},"3":{"start":{"line":20,"column":27},"end":{"line":20,"column":58}},"4":{"start":{"line":22,"column":21},"end":{"line":22,"column":44}},"5":{"start":{"line":24,"column":35},"end":{"line":29,"column":6}},"6":{"start":{"line":31,"column":41},"end":{"line":31,"column":61}},"7":{"start":{"line":33,"column":4},"end":{"line":33,"column":52}},"8":{"start":{"line":34,"column":4},"end":{"line":34,"column":45}},"9":{"start":{"line":36,"column":4},"end":{"line":36,"column":49}},"10":{"start":{"line":38,"column":4},"end":{"line":38,"column":33}},"11":{"start":{"line":43,"column":2},"end":{"line":43,"column":55}}},"fnMap":{"0":{"name":"fetchMusicSaga","decl":{"start":{"line":16,"column":17},"end":{"line":16,"column":31}},"loc":{"start":{"line":16,"column":34},"end":{"line":40,"column":1}},"line":16},"1":{"name":"musicSaga","decl":{"start":{"line":42,"column":17},"end":{"line":42,"column":26}},"loc":{"start":{"line":42,"column":29},"end":{"line":44,"column":1}},"line":42}},"branchMap":{},"s":{"0":0,"1":0,"2":0,"3":0,"4":0,"5":0,"6":0,"7":0,"8":0,"9":0,"10":0,"11":0},"f":{"0":0,"1":0},"b":{},"_coverageSchema":"1a1c01bbd47fc00a2c39e90264f33305004495a9","hash":"929001e853fccc964a0ab573e7ef7c813c2b8df0"}
,"/Users/michal/projects/Convious/src/redux/music/selectors.ts": {"path":"/Users/michal/projects/Convious/src/redux/music/selectors.ts","statementMap":{"0":{"start":{"line":3,"column":27},"end":{"line":5,"column":1}},"1":{"start":{"line":4,"column":2},"end":{"line":4,"column":42}},"2":{"start":{"line":7,"column":35},"end":{"line":15,"column":1}},"3":{"start":{"line":8,"column":16},"end":{"line":8,"column":34}},"4":{"start":{"line":9,"column":18},"end":{"line":9,"column":43}},"5":{"start":{"line":11,"column":2},"end":{"line":14,"column":4}},"6":{"start":{"line":13,"column":6},"end":{"line":13,"column":76}},"7":{"start":{"line":13,"column":29},"end":{"line":13,"column":66}},"8":{"start":{"line":17,"column":33},"end":{"line":19,"column":1}},"9":{"start":{"line":18,"column":2},"end":{"line":18,"column":33}},"10":{"start":{"line":21,"column":32},"end":{"line":23,"column":1}},"11":{"start":{"line":22,"column":2},"end":{"line":22,"column":32}},"12":{"start":{"line":25,"column":34},"end":{"line":26,"column":26}},"13":{"start":{"line":26,"column":2},"end":{"line":26,"column":26}}},"fnMap":{"0":{"name":"(anonymous_0)","decl":{"start":{"line":3,"column":27},"end":{"line":3,"column":28}},"loc":{"start":{"line":3,"column":49},"end":{"line":5,"column":1}},"line":3},"1":{"name":"(anonymous_1)","decl":{"start":{"line":7,"column":35},"end":{"line":7,"column":36}},"loc":{"start":{"line":7,"column":57},"end":{"line":15,"column":1}},"line":7},"2":{"name":"(anonymous_2)","decl":{"start":{"line":12,"column":4},"end":{"line":12,"column":5}},"loc":{"start":{"line":13,"column":6},"end":{"line":13,"column":76}},"line":13},"3":{"name":"(anonymous_3)","decl":{"start":{"line":13,"column":19},"end":{"line":13,"column":20}},"loc":{"start":{"line":13,"column":29},"end":{"line":13,"column":66}},"line":13},"4":{"name":"(anonymous_4)","decl":{"start":{"line":17,"column":33},"end":{"line":17,"column":34}},"loc":{"start":{"line":17,"column":55},"end":{"line":19,"column":1}},"line":17},"5":{"name":"(anonymous_5)","decl":{"start":{"line":21,"column":32},"end":{"line":21,"column":33}},"loc":{"start":{"line":21,"column":54},"end":{"line":23,"column":1}},"line":21},"6":{"name":"(anonymous_6)","decl":{"start":{"line":25,"column":34},"end":{"line":25,"column":35}},"loc":{"start":{"line":26,"column":2},"end":{"line":26,"column":26}},"line":26}},"branchMap":{},"s":{"0":3,"1":0,"2":3,"3":0,"4":0,"5":0,"6":0,"7":0,"8":3,"9":0,"10":3,"11":0,"12":3,"13":0},"f":{"0":0,"1":0,"2":0,"3":0,"4":0,"5":0,"6":0},"b":{},"_coverageSchema":"1a1c01bbd47fc00a2c39e90264f33305004495a9","hash":"4cd7e3b367b20bb0a03dff1c5f7eda7614802b32"}
,"/Users/michal/projects/Convious/src/redux/ui/loading/actions.ts": {"path":"/Users/michal/projects/Convious/src/redux/ui/loading/actions.ts","statementMap":{"0":{"start":{"line":3,"column":26},"end":{"line":5,"column":5}},"1":{"start":{"line":3,"column":77},"end":{"line":5,"column":1}}},"fnMap":{"0":{"name":"(anonymous_0)","decl":{"start":{"line":3,"column":54},"end":{"line":3,"column":55}},"loc":{"start":{"line":3,"column":77},"end":{"line":5,"column":1}},"line":3}},"branchMap":{},"s":{"0":4,"1":3},"f":{"0":3},"b":{},"_coverageSchema":"1a1c01bbd47fc00a2c39e90264f33305004495a9","hash":"de9fab145431d71f6c548d0bfadf84b56a622717"}
,"/Users/michal/projects/Convious/src/redux/ui/loading/reducer.ts": {"path":"/Users/michal/projects/Convious/src/redux/ui/loading/reducer.ts","statementMap":{"0":{"start":{"line":6,"column":34},"end":{"line":8,"column":1}},"1":{"start":{"line":10,"column":23},"end":{"line":19,"column":1}},"2":{"start":{"line":11,"column":2},"end":{"line":18,"column":5}},"3":{"start":{"line":12,"column":4},"end":{"line":17,"column":5}},"4":{"start":{"line":14,"column":8},"end":{"line":14,"column":47}},"5":{"start":{"line":15,"column":8},"end":{"line":15,"column":14}}},"fnMap":{"0":{"name":"(anonymous_0)","decl":{"start":{"line":10,"column":23},"end":{"line":10,"column":24}},"loc":{"start":{"line":10,"column":76},"end":{"line":19,"column":1}},"line":10},"1":{"name":"(anonymous_1)","decl":{"start":{"line":11,"column":24},"end":{"line":11,"column":25}},"loc":{"start":{"line":11,"column":58},"end":{"line":18,"column":3}},"line":11}},"branchMap":{"0":{"loc":{"start":{"line":10,"column":24},"end":{"line":10,"column":43}},"type":"default-arg","locations":[{"start":{"line":10,"column":32},"end":{"line":10,"column":43}}],"line":10},"1":{"loc":{"start":{"line":12,"column":4},"end":{"line":17,"column":5}},"type":"switch","locations":[{"start":{"line":13,"column":6},"end":{"line":16,"column":7}}],"line":12}},"s":{"0":3,"1":3,"2":26,"3":26,"4":1,"5":1},"f":{"0":26,"1":26},"b":{"0":[15],"1":[1]},"_coverageSchema":"1a1c01bbd47fc00a2c39e90264f33305004495a9","hash":"00cbb9137b89ea66371c842dfcfd05e9d48ba9bb"}
,"/Users/michal/projects/Convious/src/redux/ui/loading/selectors.ts": {"path":"/Users/michal/projects/Convious/src/redux/ui/loading/selectors.ts","statementMap":{"0":{"start":{"line":3,"column":29},"end":{"line":4,"column":36}},"1":{"start":{"line":4,"column":2},"end":{"line":4,"column":36}}},"fnMap":{"0":{"name":"(anonymous_0)","decl":{"start":{"line":3,"column":29},"end":{"line":3,"column":30}},"loc":{"start":{"line":4,"column":2},"end":{"line":4,"column":36}},"line":4}},"branchMap":{},"s":{"0":1,"1":1},"f":{"0":1},"b":{},"_coverageSchema":"1a1c01bbd47fc00a2c39e90264f33305004495a9","hash":"5ebbf63f129897a1485307b10d66c25007bf30af"}
,"/Users/michal/projects/Convious/src/redux/ui/snackbar/actions.ts": {"path":"/Users/michal/projects/Convious/src/redux/ui/snackbar/actions.ts","statementMap":{"0":{"start":{"line":3,"column":27},"end":{"line":5,"column":5}},"1":{"start":{"line":3,"column":78},"end":{"line":5,"column":1}},"2":{"start":{"line":7,"column":29},"end":{"line":7,"column":61}}},"fnMap":{"0":{"name":"(anonymous_0)","decl":{"start":{"line":3,"column":56},"end":{"line":3,"column":57}},"loc":{"start":{"line":3,"column":78},"end":{"line":5,"column":1}},"line":3}},"branchMap":{},"s":{"0":4,"1":1,"2":4},"f":{"0":1},"b":{},"_coverageSchema":"1a1c01bbd47fc00a2c39e90264f33305004495a9","hash":"c68e595257baa6c738a63331bc867aa43b946feb"}
,"/Users/michal/projects/Convious/src/redux/ui/snackbar/reducer.ts": {"path":"/Users/michal/projects/Convious/src/redux/ui/snackbar/reducer.ts","statementMap":{"0":{"start":{"line":6,"column":35},"end":{"line":8,"column":1}},"1":{"start":{"line":10,"column":24},"end":{"line":21,"column":1}},"2":{"start":{"line":11,"column":2},"end":{"line":20,"column":5}},"3":{"start":{"line":12,"column":4},"end":{"line":19,"column":5}},"4":{"start":{"line":14,"column":8},"end":{"line":14,"column":47}},"5":{"start":{"line":15,"column":8},"end":{"line":15,"column":14}},"6":{"start":{"line":17,"column":8},"end":{"line":17,"column":34}},"7":{"start":{"line":18,"column":8},"end":{"line":18,"column":14}}},"fnMap":{"0":{"name":"(anonymous_0)","decl":{"start":{"line":10,"column":24},"end":{"line":10,"column":25}},"loc":{"start":{"line":10,"column":78},"end":{"line":21,"column":1}},"line":10},"1":{"name":"(anonymous_1)","decl":{"start":{"line":11,"column":24},"end":{"line":11,"column":25}},"loc":{"start":{"line":11,"column":59},"end":{"line":20,"column":3}},"line":11}},"branchMap":{"0":{"loc":{"start":{"line":10,"column":25},"end":{"line":10,"column":44}},"type":"default-arg","locations":[{"start":{"line":10,"column":33},"end":{"line":10,"column":44}}],"line":10},"1":{"loc":{"start":{"line":12,"column":4},"end":{"line":19,"column":5}},"type":"switch","locations":[{"start":{"line":13,"column":6},"end":{"line":15,"column":14}},{"start":{"line":16,"column":6},"end":{"line":18,"column":14}}],"line":12}},"s":{"0":3,"1":3,"2":26,"3":26,"4":1,"5":1,"6":1,"7":1},"f":{"0":26,"1":26},"b":{"0":[15],"1":[1,1]},"_coverageSchema":"1a1c01bbd47fc00a2c39e90264f33305004495a9","hash":"b548941d0c5402950d0615a00931629b1b2de760"}
,"/Users/michal/projects/Convious/src/redux/ui/snackbar/selectors.ts": {"path":"/Users/michal/projects/Convious/src/redux/ui/snackbar/selectors.ts","statementMap":{"0":{"start":{"line":3,"column":37},"end":{"line":4,"column":37}},"1":{"start":{"line":4,"column":2},"end":{"line":4,"column":37}}},"fnMap":{"0":{"name":"(anonymous_0)","decl":{"start":{"line":3,"column":37},"end":{"line":3,"column":38}},"loc":{"start":{"line":4,"column":2},"end":{"line":4,"column":37}},"line":4}},"branchMap":{},"s":{"0":1,"1":1},"f":{"0":1},"b":{},"_coverageSchema":"1a1c01bbd47fc00a2c39e90264f33305004495a9","hash":"b6678b92975556f04cf4b5df4792792d1d6a8671"}
,"/Users/michal/projects/Convious/src/screens/AppScreen/helpers.ts": {"path":"/Users/michal/projects/Convious/src/screens/AppScreen/helpers.ts","statementMap":{"0":{"start":{"line":4,"column":39},"end":{"line":14,"column":1}},"1":{"start":{"line":7,"column":15},"end":{"line":11,"column":8}},"2":{"start":{"line":13,"column":2},"end":{"line":13,"column":41}},"3":{"start":{"line":13,"column":27},"end":{"line":13,"column":38}}},"fnMap":{"0":{"name":"(anonymous_0)","decl":{"start":{"line":4,"column":39},"end":{"line":4,"column":40}},"loc":{"start":{"line":6,"column":23},"end":{"line":14,"column":1}},"line":6},"1":{"name":"(anonymous_1)","decl":{"start":{"line":13,"column":18},"end":{"line":13,"column":19}},"loc":{"start":{"line":13,"column":27},"end":{"line":13,"column":38}},"line":13}},"branchMap":{"0":{"loc":{"start":{"line":7,"column":15},"end":{"line":11,"column":8}},"type":"cond-expr","locations":[{"start":{"line":8,"column":6},"end":{"line":8,"column":25}},{"start":{"line":9,"column":6},"end":{"line":11,"column":8}}],"line":7},"1":{"loc":{"start":{"line":9,"column":6},"end":{"line":11,"column":8}},"type":"cond-expr","locations":[{"start":{"line":10,"column":6},"end":{"line":10,"column":29}},{"start":{"line":11,"column":6},"end":{"line":11,"column":8}}],"line":9}},"s":{"0":1,"1":1,"2":1,"3":4},"f":{"0":1,"1":4},"b":{"0":[1,0],"1":[0,0]},"_coverageSchema":"1a1c01bbd47fc00a2c39e90264f33305004495a9","hash":"7ea37f16c33aa8f808c6eb3756b86afb6622dc33"}
,"/Users/michal/projects/Convious/src/utils/consts.ts": {"path":"/Users/michal/projects/Convious/src/utils/consts.ts","statementMap":{"0":{"start":{"line":3,"column":25},"end":{"line":3,"column":50}},"1":{"start":{"line":4,"column":21},"end":{"line":4,"column":42}},"2":{"start":{"line":6,"column":27},"end":{"line":6,"column":29}},"3":{"start":{"line":7,"column":31},"end":{"line":24,"column":1}},"4":{"start":{"line":25,"column":32},"end":{"line":46,"column":1}}},"fnMap":{},"branchMap":{},"s":{"0":5,"1":5,"2":5,"3":5,"4":5},"f":{},"b":{},"_coverageSchema":"1a1c01bbd47fc00a2c39e90264f33305004495a9","hash":"b036e5ad3a9d7afbbfba0dece4b53f3409f54f7c"}
,"/Users/michal/projects/Convious/src/utils/helpers.ts": {"path":"/Users/michal/projects/Convious/src/utils/helpers.ts","statementMap":{"0":{"start":{"line":3,"column":26},"end":{"line":17,"column":1}},"1":{"start":{"line":4,"column":2},"end":{"line":16,"column":4}},"2":{"start":{"line":5,"column":18},"end":{"line":5,"column":45}},"3":{"start":{"line":6,"column":20},"end":{"line":7,"column":42}},"4":{"start":{"line":8,"column":24},"end":{"line":13,"column":5}},"5":{"start":{"line":11,"column":8},"end":{"line":11,"column":30}},"6":{"start":{"line":15,"column":4},"end":{"line":15,"column":47}},"7":{"start":{"line":19,"column":27},"end":{"line":19,"column":57}},"8":{"start":{"line":20,"column":28},"end":{"line":20,"column":59}},"9":{"start":{"line":23,"column":27},"end":{"line":23,"column":30}},"10":{"start":{"line":24,"column":28},"end":{"line":24,"column":31}},"11":{"start":{"line":27,"column":31},"end":{"line":31,"column":1}},"12":{"start":{"line":28,"column":2},"end":{"line":30,"column":4}},"13":{"start":{"line":34,"column":29},"end":{"line":38,"column":1}},"14":{"start":{"line":35,"column":2},"end":{"line":37,"column":4}},"15":{"start":{"line":41,"column":29},"end":{"line":45,"column":1}},"16":{"start":{"line":42,"column":2},"end":{"line":44,"column":4}}},"fnMap":{"0":{"name":"(anonymous_0)","decl":{"start":{"line":3,"column":26},"end":{"line":3,"column":27}},"loc":{"start":{"line":3,"column":32},"end":{"line":17,"column":1}},"line":3},"1":{"name":"(anonymous_1)","decl":{"start":{"line":4,"column":9},"end":{"line":4,"column":10}},"loc":{"start":{"line":4,"column":29},"end":{"line":16,"column":3}},"line":4},"2":{"name":"(anonymous_2)","decl":{"start":{"line":10,"column":15},"end":{"line":10,"column":16}},"loc":{"start":{"line":10,"column":21},"end":{"line":12,"column":7}},"line":10},"3":{"name":"(anonymous_3)","decl":{"start":{"line":27,"column":31},"end":{"line":27,"column":32}},"loc":{"start":{"line":27,"column":49},"end":{"line":31,"column":1}},"line":27},"4":{"name":"(anonymous_4)","decl":{"start":{"line":34,"column":29},"end":{"line":34,"column":30}},"loc":{"start":{"line":34,"column":47},"end":{"line":38,"column":1}},"line":34},"5":{"name":"(anonymous_5)","decl":{"start":{"line":41,"column":29},"end":{"line":41,"column":30}},"loc":{"start":{"line":41,"column":61},"end":{"line":45,"column":1}},"line":41}},"branchMap":{"0":{"loc":{"start":{"line":41,"column":44},"end":{"line":41,"column":56}},"type":"default-arg","locations":[{"start":{"line":41,"column":53},"end":{"line":41,"column":56}}],"line":41}},"s":{"0":5,"1":0,"2":0,"3":0,"4":0,"5":0,"6":0,"7":5,"8":5,"9":5,"10":5,"11":5,"12":7,"13":5,"14":7,"15":5,"16":4},"f":{"0":0,"1":0,"2":0,"3":7,"4":7,"5":4},"b":{"0":[4]},"_coverageSchema":"1a1c01bbd47fc00a2c39e90264f33305004495a9","hash":"544f63bc183df177499830219595053b0fc6c8e4"}
}
