TN:
SF:src/api/const.ts
FNF:0
FNH:0
DA:1,7
LF:1
LH:1
BRF:0
BRH:0
end_of_record
TN:
SF:src/api/index.ts
FN:9,(anonymous_0)
FN:14,(anonymous_1)
FN:15,(anonymous_2)
FN:21,(anonymous_3)
FN:26,stringifyQuery
FNF:5
FNH:4
FNDA:7,(anonymous_0)
FNDA:1,(anonymous_1)
FNDA:0,(anonymous_2)
FNDA:1,(anonymous_3)
FNDA:1,stringifyQuery
DA:10,7
DA:11,7
DA:13,7
DA:14,1
DA:16,0
DA:22,1
DA:27,1
LF:7
LH:6
BRDA:26,0,0,1
BRF:1
BRH:1
end_of_record
TN:
SF:src/common/style.ts
FNF:0
FNH:0
DA:5,2
LF:1
LH:1
BRF:0
BRH:0
end_of_record
TN:
SF:src/components/FatalError/index.tsx
FN:6,(anonymous_0)
FNF:1
FNH:1
FNDA:1,(anonymous_0)
DA:6,1
DA:7,1
DA:20,1
LF:3
LH:3
BRF:0
BRH:0
end_of_record
TN:
SF:src/components/ListElement/index.tsx
FN:6,(anonymous_0)
FNF:1
FNH:1
FNDA:1,(anonymous_0)
DA:6,1
DA:12,1
DA:34,1
LF:3
LH:3
BRDA:25,0,0,0
BRDA:25,0,1,1
BRF:2
BRH:1
end_of_record
TN:
SF:src/components/ListElement/styles.ts
FNF:0
FNH:0
DA:5,1
LF:1
LH:1
BRF:0
BRH:0
end_of_record
TN:
SF:src/components/Loading/index.tsx
FN:8,(anonymous_0)
FNF:1
FNH:1
FNDA:2,(anonymous_0)
DA:8,1
DA:9,2
DA:23,1
LF:3
LH:3
BRDA:13,0,0,1
BRDA:13,0,1,1
BRF:2
BRH:2
end_of_record
TN:
SF:src/components/Loading/styles.ts
FNF:0
FNH:0
DA:3,1
LF:1
LH:1
BRF:0
BRH:0
end_of_record
TN:
SF:src/components/SafeArea/index.tsx
FN:6,(anonymous_0)
FNF:1
FNH:1
FNDA:1,(anonymous_0)
DA:6,1
DA:7,1
LF:2
LH:2
BRF:0
BRH:0
end_of_record
TN:
SF:src/components/SafeArea/styles.ts
FNF:0
FNH:0
DA:3,1
LF:1
LH:1
BRF:0
BRH:0
end_of_record
TN:
SF:src/components/ScreenShotImage/index.tsx
FN:6,(anonymous_0)
FNF:1
FNH:1
FNDA:1,(anonymous_0)
DA:6,1
DA:7,1
DA:21,1
LF:3
LH:3
BRDA:9,0,0,1
BRDA:9,0,1,1
BRF:2
BRH:2
end_of_record
TN:
SF:src/components/ScreenShotImage/styles.ts
FNF:0
FNH:0
DA:4,1
LF:1
LH:1
BRF:0
BRH:0
end_of_record
TN:
SF:src/components/SearchBar/index.tsx
FN:7,(anonymous_0)
FN:12,(anonymous_1)
FNF:2
FNH:2
FNDA:3,(anonymous_0)
FNDA:1,(anonymous_1)
DA:7,1
DA:8,3
DA:11,3
DA:13,1
DA:14,1
DA:19,3
DA:31,1
LF:7
LH:7
BRF:0
BRH:0
end_of_record
TN:
SF:src/components/SearchBar/styles.ts
FNF:0
FNH:0
DA:4,1
LF:1
LH:1
BRF:0
BRH:0
end_of_record
TN:
SF:src/hooks/useApps.ts
FN:14,(anonymous_0)
FN:19,(anonymous_1)
FN:24,(anonymous_2)
FN:31,(anonymous_3)
FN:38,(anonymous_4)
FNF:5
FNH:5
FNDA:6,(anonymous_0)
FNDA:1,(anonymous_1)
FNDA:2,(anonymous_2)
FNDA:1,(anonymous_3)
FNDA:2,(anonymous_4)
DA:14,1
DA:15,6
DA:16,6
DA:17,6
DA:19,6
DA:20,1
DA:23,6
DA:25,2
DA:30,6
DA:32,1
DA:37,6
DA:39,2
DA:40,1
DA:41,1
DA:42,1
DA:43,1
DA:44,1
DA:50,6
LF:18
LH:18
BRDA:39,0,0,1
BRDA:39,0,1,1
BRF:2
BRH:2
end_of_record
TN:
SF:src/hooks/useMusic.ts
FN:14,(anonymous_0)
FN:19,(anonymous_1)
FN:24,(anonymous_2)
FN:31,(anonymous_3)
FN:38,(anonymous_4)
FNF:5
FNH:5
FNDA:6,(anonymous_0)
FNDA:1,(anonymous_1)
FNDA:2,(anonymous_2)
FNDA:1,(anonymous_3)
FNDA:2,(anonymous_4)
DA:14,1
DA:15,6
DA:16,6
DA:17,6
DA:19,6
DA:20,1
DA:23,6
DA:25,2
DA:30,6
DA:32,1
DA:37,6
DA:39,2
DA:40,1
DA:41,1
DA:42,1
DA:43,1
DA:44,1
DA:50,6
LF:18
LH:18
BRDA:39,0,0,1
BRDA:39,0,1,1
BRF:2
BRH:2
end_of_record
TN:
SF:src/mocks/mockApps.ts
FNF:0
FNH:0
DA:3,9
DA:142,9
DA:287,9
DA:289,9
DA:323,9
DA:357,9
DA:364,9
LF:7
LH:7
BRF:0
BRH:0
end_of_record
TN:
SF:src/mocks/mockMusic.ts
FNF:0
FNH:0
DA:3,6
DA:46,6
DA:87,6
DA:89,6
DA:131,6
DA:173,6
DA:180,6
LF:7
LH:7
BRF:0
BRH:0
end_of_record
TN:
SF:src/mocks/mockState.ts
FNF:0
FNH:0
DA:5,4
DA:11,4
LF:2
LH:2
BRF:0
BRH:0
end_of_record
TN:
SF:src/mocks/mockUI.ts
FNF:0
FNH:0
DA:4,6
DA:8,6
DA:12,6
LF:3
LH:3
BRF:0
BRH:0
end_of_record
TN:
SF:src/redux/RootReducer.ts
FNF:0
FNH:0
DA:10,4
DA:12,4
DA:17,4
DA:22,4
DA:29,4
LF:5
LH:5
BRF:0
BRH:0
end_of_record
TN:
SF:src/redux/RootSaga.ts
FN:6,rootSaga
FNF:1
FNH:1
FNDA:4,rootSaga
DA:7,4
DA:8,0
LF:2
LH:1
BRF:0
BRH:0
end_of_record
TN:
SF:src/redux/store.ts
FNF:0
FNH:0
DA:9,4
DA:11,4
DA:17,4
DA:19,4
DA:24,4
DA:26,4
LF:6
LH:6
BRF:0
BRH:0
end_of_record
TN:
SF:src/redux/apps/actions.ts
FN:7,(anonymous_0)
FN:16,(anonymous_1)
FN:20,(anonymous_2)
FN:24,(anonymous_3)
FN:30,(anonymous_4)
FN:37,(anonymous_5)
FNF:6
FNH:6
FNDA:3,(anonymous_0)
FNDA:3,(anonymous_1)
FNDA:2,(anonymous_2)
FNDA:1,(anonymous_3)
FNDA:2,(anonymous_4)
FNDA:5,(anonymous_5)
DA:5,6
DA:7,3
DA:12,6
DA:14,6
DA:16,6
DA:20,6
DA:24,6
DA:28,6
DA:30,2
DA:35,6
DA:37,5
LF:11
LH:11
BRF:0
BRH:0
end_of_record
TN:
SF:src/redux/apps/reducer.ts
FN:23,(anonymous_0)
FN:24,(anonymous_1)
FN:56,(anonymous_2)
FN:68,(anonymous_3)
FNF:4
FNH:4
FNDA:37,(anonymous_0)
FNDA:37,(anonymous_1)
FNDA:16,(anonymous_2)
FNDA:32,(anonymous_3)
DA:16,4
DA:23,4
DA:24,37
DA:25,37
DA:27,2
DA:28,2
DA:29,1
DA:31,1
DA:34,1
DA:35,1
DA:38,1
DA:39,1
DA:42,1
DA:43,1
DA:46,1
DA:47,1
DA:50,1
DA:51,1
DA:54,1
DA:56,16
DA:63,1
DA:66,2
DA:68,32
DA:72,2
LF:24
LH:24
BRDA:23,0,0,12
BRDA:25,1,0,2
BRDA:25,1,1,1
BRDA:25,1,2,1
BRDA:25,1,3,1
BRDA:25,1,4,1
BRDA:25,1,5,1
BRDA:25,1,6,2
BRDA:28,2,0,1
BRDA:28,2,1,1
BRDA:59,3,0,1
BRDA:59,3,1,15
BRF:12
BRH:12
end_of_record
TN:
SF:src/redux/apps/sagas.ts
FN:12,fetchAppsSaga
FN:38,appsSaga
FNF:2
FNH:1
FNDA:1,fetchAppsSaga
FNDA:0,appsSaga
DA:13,1
DA:14,1
DA:15,1
DA:16,1
DA:18,1
DA:20,1
DA:27,1
DA:29,1
DA:30,1
DA:32,0
DA:34,1
DA:39,0
LF:12
LH:10
BRF:0
BRH:0
end_of_record
TN:
SF:src/redux/apps/selectors.ts
FN:3,(anonymous_0)
FN:5,(anonymous_1)
FN:10,(anonymous_2)
FN:11,(anonymous_3)
FN:15,(anonymous_4)
FN:17,(anonymous_5)
FN:19,(anonymous_6)
FNF:7
FNH:7
FNDA:2,(anonymous_0)
FNDA:1,(anonymous_1)
FNDA:2,(anonymous_2)
FNDA:2,(anonymous_3)
FNDA:1,(anonymous_4)
FNDA:1,(anonymous_5)
FNDA:2,(anonymous_6)
DA:3,7
DA:5,7
DA:6,1
DA:7,1
DA:9,1
DA:11,2
DA:15,7
DA:17,7
DA:19,7
LF:9
LH:9
BRF:0
BRH:0
end_of_record
TN:
SF:src/redux/music/actions.ts
FN:7,(anonymous_0)
FN:18,(anonymous_1)
FN:25,(anonymous_2)
FN:32,(anonymous_3)
FN:39,(anonymous_4)
FN:46,(anonymous_5)
FNF:6
FNH:6
FNDA:3,(anonymous_0)
FNDA:3,(anonymous_1)
FNDA:2,(anonymous_2)
FNDA:1,(anonymous_3)
FNDA:2,(anonymous_4)
FNDA:5,(anonymous_5)
DA:5,6
DA:7,3
DA:12,6
DA:14,6
DA:16,6
DA:18,3
DA:23,6
DA:25,2
DA:30,6
DA:32,1
DA:37,6
DA:39,2
DA:44,6
DA:46,5
LF:14
LH:14
BRF:0
BRH:0
end_of_record
TN:
SF:src/redux/music/reducer.ts
FN:23,(anonymous_0)
FN:24,(anonymous_1)
FN:56,(anonymous_2)
FN:68,(anonymous_3)
FNF:4
FNH:4
FNDA:37,(anonymous_0)
FNDA:37,(anonymous_1)
FNDA:21,(anonymous_2)
FNDA:42,(anonymous_3)
DA:16,4
DA:23,4
DA:24,37
DA:25,37
DA:27,2
DA:28,2
DA:29,1
DA:31,1
DA:34,1
DA:35,1
DA:38,1
DA:39,1
DA:42,1
DA:43,1
DA:46,1
DA:47,1
DA:50,1
DA:51,1
DA:54,1
DA:56,21
DA:63,1
DA:66,2
DA:68,42
DA:72,2
LF:24
LH:24
BRDA:23,0,0,12
BRDA:25,1,0,2
BRDA:25,1,1,1
BRDA:25,1,2,1
BRDA:25,1,3,1
BRDA:25,1,4,1
BRDA:25,1,5,1
BRDA:25,1,6,2
BRDA:28,2,0,1
BRDA:28,2,1,1
BRDA:59,3,0,1
BRDA:59,3,1,20
BRF:12
BRH:12
end_of_record
TN:
SF:src/redux/music/sagas.ts
FN:16,fetchMusicSaga
FN:42,musicSaga
FNF:2
FNH:1
FNDA:1,fetchMusicSaga
FNDA:0,musicSaga
DA:17,1
DA:18,1
DA:19,1
DA:20,1
DA:22,1
DA:24,1
DA:31,1
DA:33,1
DA:34,1
DA:36,0
DA:38,1
DA:43,0
LF:12
LH:10
BRF:0
BRH:0
end_of_record
TN:
SF:src/redux/music/selectors.ts
FN:3,(anonymous_0)
FN:7,(anonymous_1)
FN:12,(anonymous_2)
FN:13,(anonymous_3)
FN:17,(anonymous_4)
FN:21,(anonymous_5)
FN:25,(anonymous_6)
FNF:7
FNH:7
FNDA:2,(anonymous_0)
FNDA:1,(anonymous_1)
FNDA:2,(anonymous_2)
FNDA:24,(anonymous_3)
FNDA:1,(anonymous_4)
FNDA:1,(anonymous_5)
FNDA:2,(anonymous_6)
DA:3,7
DA:4,2
DA:7,7
DA:8,1
DA:9,1
DA:11,1
DA:13,24
DA:17,7
DA:18,1
DA:21,7
DA:22,1
DA:25,7
DA:26,2
LF:13
LH:13
BRF:0
BRH:0
end_of_record
TN:
SF:src/redux/ui/loading/actions.ts
FN:3,(anonymous_0)
FNF:1
FNH:1
FNDA:5,(anonymous_0)
DA:3,6
LF:1
LH:1
BRF:0
BRH:0
end_of_record
TN:
SF:src/redux/ui/loading/reducer.ts
FN:10,(anonymous_0)
FN:11,(anonymous_1)
FNF:2
FNH:2
FNDA:45,(anonymous_0)
FNDA:45,(anonymous_1)
DA:6,4
DA:10,4
DA:11,45
DA:12,45
DA:14,1
DA:15,1
LF:6
LH:6
BRDA:10,0,0,20
BRDA:12,1,0,1
BRF:2
BRH:2
end_of_record
TN:
SF:src/redux/ui/loading/selectors.ts
FN:3,(anonymous_0)
FNF:1
FNH:1
FNDA:1,(anonymous_0)
DA:3,1
DA:4,1
LF:2
LH:2
BRF:0
BRH:0
end_of_record
TN:
SF:src/redux/ui/snackbar/actions.ts
FN:3,(anonymous_0)
FNF:1
FNH:1
FNDA:1,(anonymous_0)
DA:3,6
DA:7,6
LF:2
LH:2
BRF:0
BRH:0
end_of_record
TN:
SF:src/redux/ui/snackbar/reducer.ts
FN:10,(anonymous_0)
FN:11,(anonymous_1)
FNF:2
FNH:2
FNDA:45,(anonymous_0)
FNDA:45,(anonymous_1)
DA:6,4
DA:10,4
DA:11,45
DA:12,45
DA:14,1
DA:15,1
DA:17,1
DA:18,1
LF:8
LH:8
BRDA:10,0,0,20
BRDA:12,1,0,1
BRDA:12,1,1,1
BRF:3
BRH:3
end_of_record
TN:
SF:src/redux/ui/snackbar/selectors.ts
FN:3,(anonymous_0)
FNF:1
FNH:1
FNDA:1,(anonymous_0)
DA:3,1
DA:4,1
LF:2
LH:2
BRF:0
BRH:0
end_of_record
TN:
SF:src/screens/AppScreen/helpers.ts
FN:4,(anonymous_0)
FN:13,(anonymous_1)
FNF:2
FNH:2
FNDA:1,(anonymous_0)
FNDA:4,(anonymous_1)
DA:4,1
DA:7,1
DA:13,4
LF:3
LH:3
BRDA:7,0,0,1
BRDA:7,0,1,0
BRDA:9,1,0,0
BRDA:9,1,1,0
BRF:4
BRH:1
end_of_record
TN:
SF:src/utils/consts.ts
FNF:0
FNH:0
DA:3,8
DA:4,8
DA:6,8
DA:7,8
DA:25,8
LF:5
LH:5
BRF:0
BRH:0
end_of_record
TN:
SF:src/utils/helpers.ts
FN:3,(anonymous_0)
FN:4,(anonymous_1)
FN:10,(anonymous_2)
FN:27,(anonymous_3)
FN:34,(anonymous_4)
FN:41,(anonymous_5)
FNF:6
FNH:3
FNDA:0,(anonymous_0)
FNDA:0,(anonymous_1)
FNDA:0,(anonymous_2)
FNDA:7,(anonymous_3)
FNDA:7,(anonymous_4)
FNDA:4,(anonymous_5)
DA:3,5
DA:4,0
DA:5,0
DA:6,0
DA:8,0
DA:11,0
DA:15,0
DA:19,5
DA:20,5
DA:23,5
DA:24,5
DA:27,5
DA:28,7
DA:34,5
DA:35,7
DA:41,5
DA:42,4
LF:17
LH:11
BRDA:41,0,0,4
BRF:1
BRH:1
end_of_record
