TN:
SF:src/api/const.ts
FNF:0
FNH:0
DA:1,5
LF:1
LH:1
BRF:0
BRH:0
end_of_record
TN:
SF:src/api/index.ts
FN:9,(anonymous_0)
FN:14,(anonymous_1)
FN:15,(anonymous_2)
FN:21,(anonymous_3)
FN:26,stringifyQuery
FNF:5
FNH:4
FNDA:5,(anonymous_0)
FNDA:1,(anonymous_1)
FNDA:0,(anonymous_2)
FNDA:1,(anonymous_3)
FNDA:1,stringifyQuery
DA:10,5
DA:11,5
DA:13,5
DA:14,1
DA:16,0
DA:22,1
DA:27,1
LF:7
LH:6
BRDA:26,0,0,1
BRF:1
BRH:1
end_of_record
TN:
SF:src/common/style.ts
FNF:0
FNH:0
DA:5,2
LF:1
LH:1
BRF:0
BRH:0
end_of_record
TN:
SF:src/components/FatalError/index.tsx
FN:6,(anonymous_0)
FNF:1
FNH:1
FNDA:1,(anonymous_0)
DA:6,1
DA:7,1
DA:20,1
LF:3
LH:3
BRF:0
BRH:0
end_of_record
TN:
SF:src/components/ListElement/index.tsx
FN:6,(anonymous_0)
FNF:1
FNH:1
FNDA:1,(anonymous_0)
DA:6,1
DA:12,1
DA:34,1
LF:3
LH:3
BRDA:25,0,0,0
BRDA:25,0,1,1
BRF:2
BRH:1
end_of_record
TN:
SF:src/components/ListElement/styles.ts
FNF:0
FNH:0
DA:5,1
LF:1
LH:1
BRF:0
BRH:0
end_of_record
TN:
SF:src/components/Loading/index.tsx
FN:8,(anonymous_0)
FNF:1
FNH:1
FNDA:2,(anonymous_0)
DA:8,1
DA:9,2
DA:23,1
LF:3
LH:3
BRDA:13,0,0,1
BRDA:13,0,1,1
BRF:2
BRH:2
end_of_record
TN:
SF:src/components/Loading/styles.ts
FNF:0
FNH:0
DA:3,1
LF:1
LH:1
BRF:0
BRH:0
end_of_record
TN:
SF:src/components/SafeArea/index.tsx
FN:6,(anonymous_0)
FNF:1
FNH:1
FNDA:1,(anonymous_0)
DA:6,1
DA:7,1
LF:2
LH:2
BRF:0
BRH:0
end_of_record
TN:
SF:src/components/SafeArea/styles.ts
FNF:0
FNH:0
DA:3,1
LF:1
LH:1
BRF:0
BRH:0
end_of_record
TN:
SF:src/components/ScreenShotImage/index.tsx
FN:6,(anonymous_0)
FNF:1
FNH:1
FNDA:1,(anonymous_0)
DA:6,1
DA:7,1
DA:21,1
LF:3
LH:3
BRDA:9,0,0,1
BRDA:9,0,1,1
BRF:2
BRH:2
end_of_record
TN:
SF:src/components/ScreenShotImage/styles.ts
FNF:0
FNH:0
DA:4,1
LF:1
LH:1
BRF:0
BRH:0
end_of_record
TN:
SF:src/components/SearchBar/index.tsx
FN:7,(anonymous_0)
FN:12,(anonymous_1)
FNF:2
FNH:2
FNDA:3,(anonymous_0)
FNDA:1,(anonymous_1)
DA:7,1
DA:8,3
DA:11,3
DA:13,1
DA:14,1
DA:19,3
DA:31,1
LF:7
LH:7
BRF:0
BRH:0
end_of_record
TN:
SF:src/components/SearchBar/styles.ts
FNF:0
FNH:0
DA:4,1
LF:1
LH:1
BRF:0
BRH:0
end_of_record
TN:
SF:src/hooks/useApps.ts
FN:15,(anonymous_0)
FN:20,(anonymous_1)
FN:25,(anonymous_2)
FN:26,(anonymous_3)
FN:36,(anonymous_4)
FN:43,(anonymous_5)
FN:55,(anonymous_6)
FNF:7
FNH:7
FNDA:5,(anonymous_0)
FNDA:1,(anonymous_1)
FNDA:7,(anonymous_2)
FNDA:112,(anonymous_3)
FNDA:1,(anonymous_4)
FNDA:2,(anonymous_5)
FNDA:5,(anonymous_6)
DA:15,1
DA:16,5
DA:17,5
DA:18,5
DA:20,5
DA:21,1
DA:24,5
DA:26,112
DA:30,7
DA:35,5
DA:37,1
DA:42,5
DA:44,2
DA:45,1
DA:46,1
DA:47,1
DA:48,1
DA:49,1
DA:55,5
DA:56,5
DA:59,5
LF:21
LH:21
BRDA:44,0,0,1
BRDA:44,0,1,1
BRF:2
BRH:2
end_of_record
TN:
SF:src/mocks/mockApps.ts
FNF:0
FNH:0
DA:3,8
DA:142,8
DA:287,8
DA:289,8
DA:295,8
LF:5
LH:5
BRF:0
BRH:0
end_of_record
TN:
SF:src/mocks/mockState.ts
FNF:0
FNH:0
DA:4,3
DA:9,3
LF:2
LH:2
BRF:0
BRH:0
end_of_record
TN:
SF:src/mocks/mockUI.ts
FNF:0
FNH:0
DA:4,5
DA:8,5
DA:12,5
LF:3
LH:3
BRF:0
BRH:0
end_of_record
TN:
SF:src/redux/RootReducer.ts
FNF:0
FNH:0
DA:10,3
DA:12,3
DA:17,3
DA:22,3
DA:29,3
LF:5
LH:5
BRF:0
BRH:0
end_of_record
TN:
SF:src/redux/RootSaga.ts
FN:6,rootSaga
FNF:1
FNH:1
FNDA:3,rootSaga
DA:7,3
DA:8,0
LF:2
LH:1
BRF:0
BRH:0
end_of_record
TN:
SF:src/redux/store.ts
FNF:0
FNH:0
DA:9,3
DA:11,3
DA:17,3
DA:19,3
DA:24,3
DA:26,3
LF:6
LH:6
BRF:0
BRH:0
end_of_record
TN:
SF:src/redux/apps/actions.ts
FN:7,(anonymous_0)
FN:16,(anonymous_1)
FN:20,(anonymous_2)
FN:24,(anonymous_3)
FN:30,(anonymous_4)
FNF:5
FNH:5
FNDA:3,(anonymous_0)
FNDA:3,(anonymous_1)
FNDA:2,(anonymous_2)
FNDA:7,(anonymous_3)
FNDA:1,(anonymous_4)
DA:5,5
DA:7,3
DA:12,5
DA:14,5
DA:16,5
DA:20,5
DA:24,7
DA:28,5
DA:30,1
LF:9
LH:9
BRF:0
BRH:0
end_of_record
TN:
SF:src/redux/apps/reducer.ts
FN:21,(anonymous_0)
FN:22,(anonymous_1)
FN:54,(anonymous_2)
FNF:3
FNH:2
FNDA:20,(anonymous_0)
FNDA:20,(anonymous_1)
FNDA:0,(anonymous_2)
DA:14,3
DA:21,3
DA:22,20
DA:23,20
DA:25,2
DA:26,2
DA:27,1
DA:29,1
DA:32,1
DA:33,1
DA:36,1
DA:37,1
DA:40,1
DA:41,1
DA:44,1
DA:45,1
DA:48,0
DA:49,0
DA:52,0
DA:54,0
DA:61,0
LF:21
LH:16
BRDA:21,0,0,9
BRDA:23,1,0,2
BRDA:23,1,1,1
BRDA:23,1,2,1
BRDA:23,1,3,1
BRDA:23,1,4,0
BRDA:23,1,5,0
BRDA:26,2,0,1
BRDA:26,2,1,1
BRDA:57,3,0,0
BRDA:57,3,1,0
BRF:11
BRH:7
end_of_record
TN:
SF:src/redux/apps/sagas.ts
FN:12,fetchAppsSaga
FN:38,appsSaga
FNF:2
FNH:1
FNDA:1,fetchAppsSaga
FNDA:0,appsSaga
DA:13,1
DA:14,1
DA:15,1
DA:16,1
DA:18,1
DA:20,1
DA:27,1
DA:29,1
DA:30,1
DA:32,0
DA:34,1
DA:39,0
LF:12
LH:10
BRF:0
BRH:0
end_of_record
TN:
SF:src/redux/apps/selectors.ts
FN:3,(anonymous_0)
FN:5,(anonymous_1)
FN:10,(anonymous_2)
FN:11,(anonymous_3)
FN:15,(anonymous_4)
FN:17,(anonymous_5)
FN:19,(anonymous_6)
FNF:7
FNH:3
FNDA:1,(anonymous_0)
FNDA:0,(anonymous_1)
FNDA:0,(anonymous_2)
FNDA:0,(anonymous_3)
FNDA:1,(anonymous_4)
FNDA:1,(anonymous_5)
FNDA:0,(anonymous_6)
DA:3,6
DA:5,6
DA:6,0
DA:7,0
DA:9,0
DA:11,0
DA:15,6
DA:17,6
DA:19,6
LF:9
LH:5
BRF:0
BRH:0
end_of_record
TN:
SF:src/redux/music/actions.ts
FN:7,(anonymous_0)
FN:18,(anonymous_1)
FN:25,(anonymous_2)
FN:32,(anonymous_3)
FN:39,(anonymous_4)
FNF:5
FNH:0
FNDA:0,(anonymous_0)
FNDA:0,(anonymous_1)
FNDA:0,(anonymous_2)
FNDA:0,(anonymous_3)
FNDA:0,(anonymous_4)
DA:5,3
DA:7,0
DA:12,3
DA:14,3
DA:16,3
DA:18,0
DA:23,3
DA:25,0
DA:30,3
DA:32,0
DA:37,3
DA:39,0
LF:12
LH:7
BRF:0
BRH:0
end_of_record
TN:
SF:src/redux/music/reducer.ts
FN:21,(anonymous_0)
FN:22,(anonymous_1)
FN:54,(anonymous_2)
FNF:3
FNH:2
FNDA:20,(anonymous_0)
FNDA:20,(anonymous_1)
FNDA:0,(anonymous_2)
DA:14,3
DA:21,3
DA:22,20
DA:23,20
DA:25,0
DA:26,0
DA:27,0
DA:29,0
DA:32,0
DA:33,0
DA:36,0
DA:37,0
DA:40,0
DA:41,0
DA:44,0
DA:45,0
DA:48,0
DA:49,0
DA:52,0
DA:54,0
DA:61,0
LF:21
LH:4
BRDA:21,0,0,9
BRDA:23,1,0,0
BRDA:23,1,1,0
BRDA:23,1,2,0
BRDA:23,1,3,0
BRDA:23,1,4,0
BRDA:23,1,5,0
BRDA:26,2,0,0
BRDA:26,2,1,0
BRDA:57,3,0,0
BRDA:57,3,1,0
BRF:11
BRH:1
end_of_record
TN:
SF:src/redux/music/sagas.ts
FN:16,fetchMusicSaga
FN:42,musicSaga
FNF:2
FNH:0
FNDA:0,fetchMusicSaga
FNDA:0,musicSaga
DA:17,0
DA:18,0
DA:19,0
DA:20,0
DA:22,0
DA:24,0
DA:31,0
DA:33,0
DA:34,0
DA:36,0
DA:38,0
DA:43,0
LF:12
LH:0
BRF:0
BRH:0
end_of_record
TN:
SF:src/redux/music/selectors.ts
FN:3,(anonymous_0)
FN:7,(anonymous_1)
FN:12,(anonymous_2)
FN:13,(anonymous_3)
FN:17,(anonymous_4)
FN:21,(anonymous_5)
FN:25,(anonymous_6)
FNF:7
FNH:0
FNDA:0,(anonymous_0)
FNDA:0,(anonymous_1)
FNDA:0,(anonymous_2)
FNDA:0,(anonymous_3)
FNDA:0,(anonymous_4)
FNDA:0,(anonymous_5)
FNDA:0,(anonymous_6)
DA:3,3
DA:4,0
DA:7,3
DA:8,0
DA:9,0
DA:11,0
DA:13,0
DA:17,3
DA:18,0
DA:21,3
DA:22,0
DA:25,3
DA:26,0
LF:13
LH:5
BRF:0
BRH:0
end_of_record
TN:
SF:src/redux/ui/loading/actions.ts
FN:3,(anonymous_0)
FNF:1
FNH:1
FNDA:3,(anonymous_0)
DA:3,4
LF:1
LH:1
BRF:0
BRH:0
end_of_record
TN:
SF:src/redux/ui/loading/reducer.ts
FN:10,(anonymous_0)
FN:11,(anonymous_1)
FNF:2
FNH:2
FNDA:26,(anonymous_0)
FNDA:26,(anonymous_1)
DA:6,3
DA:10,3
DA:11,26
DA:12,26
DA:14,1
DA:15,1
LF:6
LH:6
BRDA:10,0,0,15
BRDA:12,1,0,1
BRF:2
BRH:2
end_of_record
TN:
SF:src/redux/ui/loading/selectors.ts
FN:3,(anonymous_0)
FNF:1
FNH:1
FNDA:1,(anonymous_0)
DA:3,1
DA:4,1
LF:2
LH:2
BRF:0
BRH:0
end_of_record
TN:
SF:src/redux/ui/snackbar/actions.ts
FN:3,(anonymous_0)
FNF:1
FNH:1
FNDA:1,(anonymous_0)
DA:3,4
DA:7,4
LF:2
LH:2
BRF:0
BRH:0
end_of_record
TN:
SF:src/redux/ui/snackbar/reducer.ts
FN:10,(anonymous_0)
FN:11,(anonymous_1)
FNF:2
FNH:2
FNDA:26,(anonymous_0)
FNDA:26,(anonymous_1)
DA:6,3
DA:10,3
DA:11,26
DA:12,26
DA:14,1
DA:15,1
DA:17,1
DA:18,1
LF:8
LH:8
BRDA:10,0,0,15
BRDA:12,1,0,1
BRDA:12,1,1,1
BRF:3
BRH:3
end_of_record
TN:
SF:src/redux/ui/snackbar/selectors.ts
FN:3,(anonymous_0)
FNF:1
FNH:1
FNDA:1,(anonymous_0)
DA:3,1
DA:4,1
LF:2
LH:2
BRF:0
BRH:0
end_of_record
TN:
SF:src/screens/AppScreen/helpers.ts
FN:4,(anonymous_0)
FN:13,(anonymous_1)
FNF:2
FNH:2
FNDA:1,(anonymous_0)
FNDA:4,(anonymous_1)
DA:4,1
DA:7,1
DA:13,4
LF:3
LH:3
BRDA:7,0,0,1
BRDA:7,0,1,0
BRDA:9,1,0,0
BRDA:9,1,1,0
BRF:4
BRH:1
end_of_record
TN:
SF:src/utils/consts.ts
FNF:0
FNH:0
DA:3,5
DA:4,5
DA:6,5
DA:7,5
DA:25,5
LF:5
LH:5
BRF:0
BRH:0
end_of_record
TN:
SF:src/utils/helpers.ts
FN:3,(anonymous_0)
FN:4,(anonymous_1)
FN:10,(anonymous_2)
FN:27,(anonymous_3)
FN:34,(anonymous_4)
FN:41,(anonymous_5)
FNF:6
FNH:3
FNDA:0,(anonymous_0)
FNDA:0,(anonymous_1)
FNDA:0,(anonymous_2)
FNDA:7,(anonymous_3)
FNDA:7,(anonymous_4)
FNDA:4,(anonymous_5)
DA:3,5
DA:4,0
DA:5,0
DA:6,0
DA:8,0
DA:11,0
DA:15,0
DA:19,5
DA:20,5
DA:23,5
DA:24,5
DA:27,5
DA:28,7
DA:34,5
DA:35,7
DA:41,5
DA:42,4
LF:17
LH:11
BRDA:41,0,0,4
BRF:1
BRH:1
end_of_record
